------------ 토  4월 05 10:19:05 EDT 2025 ------------
[[0;32m  OK  [0m] Started Show Plymouth Boot Screen.
[[0;32m  OK  [0m] Started Forward Password Requests to Plymouth Directory Watch.
[[0;32m  OK  [0m] Reached target Paths.
[[0;32m  OK  [0m] Found device /dev/mapper/rl-root.
[[0;32m  OK  [0m] Reached target Initrd Root Device.
[[0;32m  OK  [0m] Found device /dev/mapper/rl-swap.
         Starting Resume from hibernation using device /dev/mapper/rl-swap...
[[0;32m  OK  [0m] Started Resume from hibernation using device /dev/mapper/rl-swap.
[[0;32m  OK  [0m] Reached target Local File Systems (Pre).
[[0;32m  OK  [0m] Reached target Local File Systems.
         Starting Create Volatile Files and Directories...
[[0;32m  OK  [0m] Started Create Volatile Files and Directories.
[[0;32m  OK  [0m] Reached target System Initialization.
[[0;32m  OK  [0m] Reached target Basic System.
[[0;32m  OK  [0m] Started dracut initqueue hook.
         Starting File System Check on /dev/mapper/rl-root...
[[0;32m  OK  [0m] Reached target Remote File Systems (Pre).
[[0;32m  OK  [0m] Reached target Remote File Systems.
[[0;32m  OK  [0m] Started File System Check on /dev/mapper/rl-root.
         Mounting /sysroot...
[[0;32m  OK  [0m] Mounted /sysroot.
[[0;32m  OK  [0m] Reached target Initrd Root File System.
         Starting Reload Configuration from the Real Root...
[[0;32m  OK  [0m] Started Reload Configuration from the Real Root.
[[0;32m  OK  [0m] Reached target Initrd File Systems.
[[0;32m  OK  [0m] Reached target Initrd Default Target.
         Starting dracut pre-pivot and cleanup hook...
[[0;32m  OK  [0m] Started dracut pre-pivot and cleanup hook.
         Starting Cleaning Up and Shutting Down Daemons...
         Starting Setup Virtual Console...
         Starting Plymouth switch root service...
[[0;32m  OK  [0m] Stopped dracut pre-pivot and cleanup hook.
[[0;32m  OK  [0m] Stopped target Remote File Systems.
[[0;32m  OK  [0m] Stopped target Remote File Systems (Pre).
[[0;32m  OK  [0m] Stopped target Initrd Default Target.
[[0;32m  OK  [0m] Stopped target Initrd Root Device.
[[0;32m  OK  [0m] Stopped target Basic System.
[[0;32m  OK  [0m] Stopped target System Initialization.
         Stopping udev Kernel Device Manager...
[[0;32m  OK  [0m] Stopped Apply Kernel Variables.
[[0;32m  OK  [0m] Stopped target Swap.
[[0;32m  OK  [0m] Stopped Load Kernel Modules.
[[0;32m  OK  [0m] Stopped target Sockets.
[[0;32m  OK  [0m] Stopped target Paths.
[[0;32m  OK  [0m] Stopped target Slices.
[[0;32m  OK  [0m] Stopped dracut initqueue hook.
[[0;32m  OK  [0m] Stopped udev Coldplug all Devices.
[[0;32m  OK  [0m] Stopped Create Volatile Files and Directories.
[[0;32m  OK  [0m] Stopped target Local File Systems.
[[0;32m  OK  [0m] Stopped target Local File Systems (Pre).
[[0;32m  OK  [0m] Stopped target Timers.
[[0;32m  OK  [0m] Stopped udev Kernel Device Manager.
[[0;32m  OK  [0m] Started Cleaning Up and Shutting Down Daemons.
[[0;32m  OK  [0m] Stopped Create Static Device Nodes in /dev.
[[0;32m  OK  [0m] Stopped Create list of required static device nodes for the current kernel.
[[0;32m  OK  [0m] Stopped dracut pre-udev hook.
[[0;32m  OK  [0m] Stopped dracut cmdline hook.
[[0;32m  OK  [0m] Closed udev Kernel Socket.
[[0;32m  OK  [0m] Closed udev Control Socket.
         Starting Cleanup udevd DB...
[[0;32m  OK  [0m] Started Cleanup udevd DB.
[[0;32m  OK  [0m] Started Plymouth switch root service.
[[0;32m  OK  [0m] Started Setup Virtual Console.
[[0;32m  OK  [0m] Reached target Switch Root.
         Starting Switch Root...
[[0;32m  OK  [0m] Started Rebuild Journal Catalog.
[[0;32m  OK  [0m] Started Tell Plymouth To Write Out Runtime Data.
[[0;32m  OK  [0m] Started Import network configuration from initramfs.
         Starting Create Volatile Files and Directories...
[[0;32m  OK  [0m] Started Create Volatile Files and Directories.
         Starting Security Auditing Service...
         Mounting RPC Pipe File System...
         Starting RPC Bind...
[[0;32m  OK  [0m] Started RPC Bind.
[[0;32m  OK  [0m] Mounted RPC Pipe File System.
[[0;32m  OK  [0m] Reached target rpc_pipefs.target.
[[0;32m  OK  [0m] Started Security Auditing Service.
         Starting Update UTMP about System Boot/Shutdown...
[[0;32m  OK  [0m] Started Update UTMP about System Boot/Shutdown.
[[0;32m  OK  [0m] Started Rebuild Dynamic Linker Cache.
         Starting Update is Completed...
[[0;32m  OK  [0m] Started Update is Completed.
[[0;32m  OK  [0m] Reached target System Initialization.
[[0;32m  OK  [0m] Listening on Libvirt local socket.
[[0;32m  OK  [0m] Started dnf makecache --timer.
[[0;32m  OK  [0m] Listening on CUPS Scheduler.
[[0;32m  OK  [0m] Started daily update of the root trust anchor for DNSSEC.
[[0;32m  OK  [0m] Listening on Virtual machine log manager socket.
[[0;32m  OK  [0m] Listening on Open-iSCSI iscsid Socket.
[[0;32m  OK  [0m] Listening on Open-iSCSI iscsiuio Socket.
[[0;32m  OK  [0m] Started Daily Cleanup of Temporary Directories.
[[0;32m  OK  [0m] Listening on Libvirt admin socket.
[[0;32m  OK  [0m] Listening on Virtual machine lock manager socket.
[[0;32m  OK  [0m] Listening on SSSD Kerberos Cache Manager responder socket.
[[0;32m  OK  [0m] Listening on Avahi mDNS/DNS-SD Stack Activation Socket.
[[0;32m  OK  [0m] Listening on Libvirt local read-only socket.
[[0;32m  OK  [0m] Listening on D-Bus System Message Bus Socket.
[[0;32m  OK  [0m] Reached target Sockets.
[[0;32m  OK  [0m] Started CUPS Scheduler.
[[0;32m  OK  [0m] Reached target Paths.
[[0;32m  OK  [0m] Reached target Basic System.
[[0;32m  OK  [0m] Started Machine Check Exception Logging Daemon.
[[0;32m  OK  [0m] Reached target User and Group Name Lookups.
         Starting OpenSSH rsa Server Key Generation...
         Starting OpenSSH ecdsa Server Key Generation...
         Starting Avahi mDNS/DNS-SD Stack...
         Starting Kernel Samepage Merging...
         Starting Login Service...
         Starting Restore /run/initramfs on shutdown...
[[0;32m  OK  [0m] Started libstoragemgmt plug-in server daemon.
         Starting Disk Manager...
         Starting Authorization Manager...
         Starting RealtimeKit Scheduling Policy Service...
[[0;32m  OK  [0m] Started Manage Sound Card State (restore and store).
[[0;32m  OK  [0m] Reached target Sound Card.
         Starting Initial Setup configuration program...
         Starting Virtual Machine and Container Registration Service...
[[0;32m  OK  [0m] Started irqbalance daemon.
         Starting NTP client/server...
         Starting Self Monitoring and Reporting Technology (SMART) Daemon...
         Starting OpenSSH ed25519 Server Key Generation...
         Starting Accounts Service...
[[0;32m  OK  [0m] Started D-Bus System Message Bus.
         Starting VDO volume services...
[[0;32m  OK  [0m] Started Updates mlocate database every day.
[[0;32m  OK  [0m] Reached target Timers.
[[0;32m  OK  [0m] Started OpenSSH ecdsa Server Key Generation.
[[0;32m  OK  [0m] Started Kernel Samepage Merging.
[[0;32m  OK  [0m] Started Restore /run/initramfs on shutdown.
------------ 토  4월 05 10:24:37 EDT 2025 ------------
[[0;32m  OK  [0m] Started Show Plymouth Boot Screen.
[[0;32m  OK  [0m] Reached target Paths.
[[0;32m  OK  [0m] Started Forward Password Requests to Plymouth Directory Watch.
[[0;32m  OK  [0m] Found device /dev/mapper/rl-root.
[[0;32m  OK  [0m] Reached target Initrd Root Device.
[[0;32m  OK  [0m] Found device /dev/mapper/rl-swap.
         Starting Resume from hibernation using device /dev/mapper/rl-swap...
[[0;32m  OK  [0m] Started Resume from hibernation using device /dev/mapper/rl-swap.
[[0;32m  OK  [0m] Reached target Local File Systems (Pre).
[[0;32m  OK  [0m] Reached target Local File Systems.
         Starting Create Volatile Files and Directories...
[[0;32m  OK  [0m] Started Create Volatile Files and Directories.
[[0;32m  OK  [0m] Reached target System Initialization.
[[0;32m  OK  [0m] Reached target Basic System.
[[0;32m  OK  [0m] Started dracut initqueue hook.
[[0;32m  OK  [0m] Reached target Remote File Systems (Pre).
[[0;32m  OK  [0m] Reached target Remote File Systems.
         Starting File System Check on /dev/mapper/rl-root...
[[0;32m  OK  [0m] Started File System Check on /dev/mapper/rl-root.
         Mounting /sysroot...
[[0;32m  OK  [0m] Mounted /sysroot.
[[0;32m  OK  [0m] Reached target Initrd Root File System.
         Starting Reload Configuration from the Real Root...
[[0;32m  OK  [0m] Started Reload Configuration from the Real Root.
[[0;32m  OK  [0m] Reached target Initrd File Systems.
[[0;32m  OK  [0m] Reached target Initrd Default Target.
         Starting dracut pre-pivot and cleanup hook...
[[0;32m  OK  [0m] Started dracut pre-pivot and cleanup hook.
         Starting Cleaning Up and Shutting Down Daemons...
[[0;32m  OK  [0m] Stopped dracut pre-pivot and cleanup hook.
[[0;32m  OK  [0m] Stopped target Remote File Systems.
[[0;32m  OK  [0m] Stopped target Timers.
[[0;32m  OK  [0m] Stopped target Initrd Default Target.
[[0;32m  OK  [0m] Stopped target Basic System.
[[0;32m  OK  [0m] Stopped target Sockets.
[[0;32m  OK  [0m] Stopped target Initrd Root Device.
[[0;32m  OK  [0m] Stopped target Remote File Systems (Pre).
[[0;32m  OK  [0m] Stopped dracut initqueue hook.
[[0;32m  OK  [0m] Stopped target Slices.
         Starting Setup Virtual Console...
[[0;32m  OK  [0m] Stopped target Paths.
         Starting Plymouth switch root service...
[[0;32m  OK  [0m] Stopped target System Initialization.
[[0;32m  OK  [0m] Stopped Create Volatile Files and Directories.
[[0;32m  OK  [0m] Stopped target Swap.
[[0;32m  OK  [0m] Stopped udev Coldplug all Devices.
         Stopping udev Kernel Device Manager...
[[0;32m  OK  [0m] Stopped target Local File Systems.
[[0;32m  OK  [0m] Stopped Apply Kernel Variables.
[[0;32m  OK  [0m] Stopped Load Kernel Modules.
[[0;32m  OK  [0m] Stopped target Local File Systems (Pre).
[[0;32m  OK  [0m] Started Cleaning Up and Shutting Down Daemons.
[[0;32m  OK  [0m] Stopped udev Kernel Device Manager.
[[0;32m  OK  [0m] Stopped Create Static Device Nodes in /dev.
[[0;32m  OK  [0m] Stopped Create list of required static device nodes for the current kernel.
[[0;32m  OK  [0m] Stopped dracut pre-udev hook.
[[0;32m  OK  [0m] Stopped dracut cmdline hook.
[[0;32m  OK  [0m] Closed udev Control Socket.
[[0;32m  OK  [0m] Closed udev Kernel Socket.
         Starting Cleanup udevd DB...
[[0;32m  OK  [0m] Started Cleanup udevd DB.
[[0;32m  OK  [0m] Started Plymouth switch root service.
[[0;32m  OK  [0m] Started Setup Virtual Console.
[[0;32m  OK  [0m] Reached target Switch Root.
         Starting Switch Root...
[[0;32m  OK  [0m] Started Tell Plymouth To Write Out Runtime Data.
[[0;32m  OK  [0m] Started Import network configuration from initramfs.
         Starting Create Volatile Files and Directories...
[[0;32m  OK  [0m] Started Create Volatile Files and Directories.
         Starting RPC Bind...
         Starting Security Auditing Service...
         Mounting RPC Pipe File System...
[[0;32m  OK  [0m] Started RPC Bind.
[[0;32m  OK  [0m] Mounted RPC Pipe File System.
[[0;32m  OK  [0m] Reached target rpc_pipefs.target.
[[0;32m  OK  [0m] Started Security Auditing Service.
         Starting Update UTMP about System Boot/Shutdown...
[[0;32m  OK  [0m] Started Update UTMP about System Boot/Shutdown.
[[0;32m  OK  [0m] Reached target System Initialization.
[[0;32m  OK  [0m] Listening on Libvirt local socket.
[[0;32m  OK  [0m] Listening on Libvirt admin socket.
[[0;32m  OK  [0m] Listening on Libvirt local read-only socket.
[[0;32m  OK  [0m] Listening on CUPS Scheduler.
[[0;32m  OK  [0m] Listening on Virtual machine log manager socket.
[[0;32m  OK  [0m] Started dnf makecache --timer.
[[0;32m  OK  [0m] Listening on Open-iSCSI iscsid Socket.
[[0;32m  OK  [0m] Listening on D-Bus System Message Bus Socket.
[[0;32m  OK  [0m] Listening on Open-iSCSI iscsiuio Socket.
[[0;32m  OK  [0m] Started Updates mlocate database every day.
[[0;32m  OK  [0m] Started Daily Cleanup of Temporary Directories.
[[0;32m  OK  [0m] Started CUPS Scheduler.
[[0;32m  OK  [0m] Reached target Paths.
[[0;32m  OK  [0m] Listening on SSSD Kerberos Cache Manager responder socket.
[[0;32m  OK  [0m] Listening on Avahi mDNS/DNS-SD Stack Activation Socket.
[[0;32m  OK  [0m] Listening on Virtual machine lock manager socket.
[[0;32m  OK  [0m] Reached target Sockets.
[[0;32m  OK  [0m] Reached target Basic System.
         Starting NTP client/server...
         Starting RealtimeKit Scheduling Policy Service...
         Starting Restore /run/initramfs on shutdown...
         Starting Virtual Machine and Container Registration Service...
[[0;32m  OK  [0m] Started irqbalance daemon.
         Starting Authorization Manager...
         Starting Self Monitoring and Reporting Technology (SMART) Daemon...
[[0;32m  OK  [0m] Reached target User and Group Name Lookups.
         Starting Accounts Service...
         Starting Disk Manager...
[[0;32m  OK  [0m] Started libstoragemgmt plug-in server daemon.
[[0;32m  OK  [0m] Reached target sshd-keygen.target.
[[0;32m  OK  [0m] Started Manage Sound Card State (restore and store).
[[0;32m  OK  [0m] Reached target Sound Card.
         Starting Login Service...
         Starting VDO volume services...
[[0;32m  OK  [0m] Started Machine Check Exception Logging Daemon.
         Starting Avahi mDNS/DNS-SD Stack...
[[0;32m  OK  [0m] Started daily update of the root trust anchor for DNSSEC.
[[0;32m  OK  [0m] Reached target Timers.
[[0;32m  OK  [0m] Started D-Bus System Message Bus.
         Starting Kernel Samepage Merging...
[[0;32m  OK  [0m] Started Self Monitoring and Reporting Technology (SMART) Daemon.
[[0;32m  OK  [0m] Started Restore /run/initramfs on shutdown.
[[0;32m  OK  [0m] Started Kernel Samepage Merging.
         Starting Kernel Samepage Merging (KSM) Tuning Daemon...
[[0;32m  OK  [0m] Started Kernel Samepage Merging (KSM) Tuning Daemon.
[[0;32m  OK  [0m] Started Virtual Machine and Container Registration Service.
[[0;32m  OK  [0m] Started Login Service.
[[0;32m  OK  [0m] Started RealtimeKit Scheduling Policy Service.
[[0;32m  OK  [0m] Started Avahi mDNS/DNS-SD Stack.
[[0;32m  OK  [0m] Started NTP client/server.
[[0;32m  OK  [0m] Started Authorization Manager.
         Starting firewalld - dynamic firewall daemon...
         Starting Modem Manager...
[[0;32m  OK  [0m] Started Accounts Service.
[[0;32m  OK  [0m] Started Disk Manager.
[[0;32m  OK  [0m] Started VDO volume services.
[[0;32m  OK  [0m] Started Modem Manager.
[[0;32m  OK  [0m] Started firewalld - dynamic firewall daemon.
[[0;32m  OK  [0m] Reached target Network (Pre).
         Starting Network Manager...
[[0;32m  OK  [0m] Started Network Manager.
[[0;32m  OK  [0m] Reached target Network.
         Starting CUPS Scheduler...
         Starting Dynamic System Tuning Daemon...
         Starting OpenSSH server daemon...
         Starting GSSAPI Proxy Daemon...
         Starting Logout off all iSCSI sessions on shutdown...
         Starting Network Manager Wait Online...
[[0;32m  OK  [0m] Started Logout off all iSCSI sessions on shutdown.
         Starting Hostname Service...
[[0;32m  OK  [0m] Started OpenSSH server daemon.
[[0;32m  OK  [0m] Started CUPS Scheduler.
[[0;32m  OK  [0m] Started GSSAPI Proxy Daemon.
[[0;32m  OK  [0m] Reached target NFS client services.
[[0;32m  OK  [0m] Started Hostname Service.
         Starting Network Manager Script Dispatcher Service...
[[0;32m  OK  [0m] Started Network Manager Script Dispatcher Service.
[[0;32m  OK  [0m] Started Network Manager Wait Online.
[[0;32m  OK  [0m] Reached target Network is Online.
         Starting Notify NFS peers of a restart...
         Starting System Logging Service...
[[0;32m  OK  [0m] Reached target Remote File Systems (Pre).
[[0;32m  OK  [0m] Reached target Remote File Systems.
         Starting Permit User Sessions...
         Starting Virtualization daemon...
         Starting Crash recovery kernel arming...
[[0;32m  OK  [0m] Started Notify NFS peers of a restart.
[[0;32m  OK  [0m] Started Permit User Sessions.
         Starting GNOME Display Manager...
[[0;32m  OK  [0m] Started Command Scheduler.
         Starting Hold until boot process finishes up...
[[0;32m  OK  [0m] Started Job spooling tools.
[[0;32m  OK  [0m] Started GNOME Display Manager.
------------ 토  4월 05 19:24:03 EDT 2025 ------------
[[0;32m  OK  [0m] Started Show Plymouth Boot Screen.
[[0;32m  OK  [0m] Started Forward Password Requests to Plymouth Directory Watch.
[[0;32m  OK  [0m] Reached target Paths.
[[0;32m  OK  [0m] Found device /dev/mapper/rl-root.
[[0;32m  OK  [0m] Reached target Initrd Root Device.
[[0;32m  OK  [0m] Found device /dev/mapper/rl-swap.
         Starting Resume from hibernation using device /dev/mapper/rl-swap...
[[0;32m  OK  [0m] Started Resume from hibernation using device /dev/mapper/rl-swap.
[[0;32m  OK  [0m] Reached target Local File Systems (Pre).
[[0;32m  OK  [0m] Reached target Local File Systems.
         Starting Create Volatile Files and Directories...
[[0;32m  OK  [0m] Started Create Volatile Files and Directories.
[[0;32m  OK  [0m] Reached target System Initialization.
[[0;32m  OK  [0m] Reached target Basic System.
[[0;32m  OK  [0m] Started dracut initqueue hook.
         Starting File System Check on /dev/mapper/rl-root...
[[0;32m  OK  [0m] Reached target Remote File Systems (Pre).
[[0;32m  OK  [0m] Reached target Remote File Systems.
[[0;32m  OK  [0m] Started File System Check on /dev/mapper/rl-root.
         Mounting /sysroot...
[[0;32m  OK  [0m] Mounted /sysroot.
[[0;32m  OK  [0m] Reached target Initrd Root File System.
         Starting Reload Configuration from the Real Root...
[[0;32m  OK  [0m] Started Reload Configuration from the Real Root.
[[0;32m  OK  [0m] Reached target Initrd File Systems.
[[0;32m  OK  [0m] Reached target Initrd Default Target.
         Starting dracut pre-pivot and cleanup hook...
[[0;32m  OK  [0m] Started dracut pre-pivot and cleanup hook.
         Starting Cleaning Up and Shutting Down Daemons...
         Starting Setup Virtual Console...
         Starting Plymouth switch root service...
[[0;32m  OK  [0m] Stopped target Timers.
[[0;32m  OK  [0m] Stopped dracut pre-pivot and cleanup hook.
[[0;32m  OK  [0m] Stopped target Initrd Default Target.
[[0;32m  OK  [0m] Stopped target Initrd Root Device.
[[0;32m  OK  [0m] Stopped target Remote File Systems.
[[0;32m  OK  [0m] Stopped target Remote File Systems (Pre).
[[0;32m  OK  [0m] Stopped dracut initqueue hook.
[[0;32m  OK  [0m] Stopped target Basic System.
[[0;32m  OK  [0m] Stopped target Slices.
[[0;32m  OK  [0m] Stopped target Sockets.
[[0;32m  OK  [0m] Stopped target Paths.
[[0;32m  OK  [0m] Stopped target System Initialization.
[[0;32m  OK  [0m] Stopped Apply Kernel Variables.
[[0;32m  OK  [0m] Stopped target Swap.
[[0;32m  OK  [0m] Stopped udev Coldplug all Devices.
[[0;32m  OK  [0m] Stopped Create Volatile Files and Directories.
[[0;32m  OK  [0m] Stopped target Local File Systems.
[[0;32m  OK  [0m] Stopped target Local File Systems (Pre).
         Stopping udev Kernel Device Manager...
[[0;32m  OK  [0m] Stopped Load Kernel Modules.
[[0;32m  OK  [0m] Stopped udev Kernel Device Manager.
[[0;32m  OK  [0m] Started Cleaning Up and Shutting Down Daemons.
[[0;32m  OK  [0m] Stopped dracut pre-udev hook.
[[0;32m  OK  [0m] Stopped dracut cmdline hook.
[[0;32m  OK  [0m] Stopped Create Static Device Nodes in /dev.
[[0;32m  OK  [0m] Stopped Create list of required static device nodes for the current kernel.
[[0;32m  OK  [0m] Closed udev Control Socket.
[[0;32m  OK  [0m] Closed udev Kernel Socket.
         Starting Cleanup udevd DB...
[[0;32m  OK  [0m] Started Plymouth switch root service.
[[0;32m  OK  [0m] Started Cleanup udevd DB.
[[0;32m  OK  [0m] Started Setup Virtual Console.
[[0;32m  OK  [0m] Reached target Switch Root.
         Starting Switch Root...
[[0;32m  OK  [0m] Started Tell Plymouth To Write Out Runtime Data.
[[0;32m  OK  [0m] Started Import network configuration from initramfs.
         Starting Create Volatile Files and Directories...
[[0;32m  OK  [0m] Started Create Volatile Files and Directories.
         Starting Security Auditing Service...
         Starting RPC Bind...
         Mounting RPC Pipe File System...
[[0;32m  OK  [0m] Started RPC Bind.
[[0;32m  OK  [0m] Started Security Auditing Service.
         Starting Update UTMP about System Boot/Shutdown...
[[0;32m  OK  [0m] Started Update UTMP about System Boot/Shutdown.
[[0;32m  OK  [0m] Reached target System Initialization.
[[0;32m  OK  [0m] Started Daily Cleanup of Temporary Directories.
[[0;32m  OK  [0m] Listening on Virtual machine lock manager socket.
[[0;32m  OK  [0m] Started Updates mlocate database every day.
[[0;32m  OK  [0m] Started daily update of the root trust anchor for DNSSEC.
[[0;32m  OK  [0m] Listening on Avahi mDNS/DNS-SD Stack Activation Socket.
[[0;32m  OK  [0m] Started dnf makecache --timer.
[[0;32m  OK  [0m] Reached target Timers.
[[0;32m  OK  [0m] Listening on D-Bus System Message Bus Socket.
[[0;32m  OK  [0m] Listening on CUPS Scheduler.
[[0;32m  OK  [0m] Listening on Open-iSCSI iscsid Socket.
[[0;32m  OK  [0m] Started CUPS Scheduler.
[[0;32m  OK  [0m] Reached target Paths.
[[0;32m  OK  [0m] Listening on SSSD Kerberos Cache Manager responder socket.
[[0;32m  OK  [0m] Listening on Open-iSCSI iscsiuio Socket.
[[0;32m  OK  [0m] Listening on Libvirt local socket.
[[0;32m  OK  [0m] Listening on Libvirt admin socket.
[[0;32m  OK  [0m] Listening on Libvirt local read-only socket.
[[0;32m  OK  [0m] Listening on Virtual machine log manager socket.
[[0;32m  OK  [0m] Reached target Sockets.
[[0;32m  OK  [0m] Reached target Basic System.
[[0;32m  OK  [0m] Started D-Bus System Message Bus.
[[0;32m  OK  [0m] Reached target User and Group Name Lookups.
         Starting RealtimeKit Scheduling Policy Service...
         Starting Authorization Manager...
         Starting Disk Manager...
         Starting Login Service...
         Starting VDO volume services...
         Starting Accounts Service...
[[0;32m  OK  [0m] Started irqbalance daemon.
         Starting Self Monitoring and Reporting Technology (SMART) Daemon...
         Starting Virtual Machine and Container Registration Service...
         Starting Avahi mDNS/DNS-SD Stack...
[[0;32m  OK  [0m] Started Machine Check Exception Logging Daemon.
[[0;32m  OK  [0m] Started libstoragemgmt plug-in server daemon.
[[0;32m  OK  [0m] Started Manage Sound Card State (restore and store).
[[0;32m  OK  [0m] Reached target Sound Card.
         Starting Restore /run/initramfs on shutdown...
         Starting Kernel Samepage Merging...
         Starting NTP client/server...
[[0;32m  OK  [0m] Reached target sshd-keygen.target.
[[0;32m  OK  [0m] Started Restore /run/initramfs on shutdown.
[[0;32m  OK  [0m] Started Kernel Samepage Merging.
         Starting Kernel Samepage Merging (KSM) Tuning Daemon...
[[0;32m  OK  [0m] Started Virtual Machine and Container Registration Service.
[[0;32m  OK  [0m] Started RealtimeKit Scheduling Policy Service.
[[0;32m  OK  [0m] Started Login Service.
[[0;32m  OK  [0m] Started Self Monitoring and Reporting Technology (SMART) Daemon.
[[0;32m  OK  [0m] Started Kernel Samepage Merging (KSM) Tuning Daemon.
[[0;32m  OK  [0m] Started NTP client/server.
[[0;32m  OK  [0m] Started Avahi mDNS/DNS-SD Stack.
[[0;32m  OK  [0m] Mounted RPC Pipe File System.
[[0;32m  OK  [0m] Reached target rpc_pipefs.target.
[[0;32m  OK  [0m] Started Authorization Manager.
         Starting Modem Manager...
         Starting firewalld - dynamic firewall daemon...
[[0;32m  OK  [0m] Started Accounts Service.
[[0;32m  OK  [0m] Started Modem Manager.
[[0;32m  OK  [0m] Started Disk Manager.
[[0;32m  OK  [0m] Started VDO volume services.
[[0;32m  OK  [0m] Started firewalld - dynamic firewall daemon.
[[0;32m  OK  [0m] Reached target Network (Pre).
         Starting Network Manager...
[[0;32m  OK  [0m] Started Network Manager.
[[0;32m  OK  [0m] Reached target Network.
         Starting GSSAPI Proxy Daemon...
         Starting Logout off all iSCSI sessions on shutdown...
         Starting Dynamic System Tuning Daemon...
         Starting OpenSSH server daemon...
         Starting CUPS Scheduler...
         Starting Network Manager Wait Online...
[[0;32m  OK  [0m] Started Logout off all iSCSI sessions on shutdown.
         Starting Hostname Service...
[[0;32m  OK  [0m] Started OpenSSH server daemon.
[[0;32m  OK  [0m] Started GSSAPI Proxy Daemon.
[[0;32m  OK  [0m] Reached target NFS client services.
[[0;32m  OK  [0m] Started CUPS Scheduler.
[[0;32m  OK  [0m] Started Hostname Service.
[[0;32m  OK  [0m] Listening on Load/Save RF Kill Switch Status /dev/rfkill Watch.
         Starting Network Manager Script Dispatcher Service...
[[0;32m  OK  [0m] Started Network Manager Script Dispatcher Service.
[[0;32m  OK  [0m] Started Network Manager Wait Online.
[[0;32m  OK  [0m] Reached target Network is Online.
[[0;32m  OK  [0m] Reached target Remote File Systems (Pre).
[[0;32m  OK  [0m] Reached target Remote File Systems.
         Starting Virtualization daemon...
         Starting Permit User Sessions...
         Starting System Logging Service...
         Starting Crash recovery kernel arming...
         Starting Notify NFS peers of a restart...
[[0;32m  OK  [0m] Started Permit User Sessions.
[[0;32m  OK  [0m] Started Command Scheduler.
         Starting Hold until boot process finishes up...
         Starting GNOME Display Manager...
[[0;32m  OK  [0m] Started Job spooling tools.
[[0;32m  OK  [0m] Started Notify NFS peers of a restart.
[[0;1;31mFAILED[0m] Failed to start Crash recovery kernel arming.
See 'systemctl status kdump.service' for details.
[[0;32m  OK  [0m] Started System Logging Service.
[[0;32m  OK  [0m] Started GNOME Display Manager.
